c:\d2dengine\d2dwinapp\gamelib\x64\debug\gamelib.pch
c:\d2dengine\d2dwinapp\x64\debug\gamelib.pdb
c:\d2dengine\d2dwinapp\x64\debug\gamelib.idb
c:\d2dengine\d2dwinapp\gamelib\x64\debug\pch.obj
c:\d2dengine\d2dwinapp\gamelib\x64\debug\vectormap.obj
c:\d2dengine\d2dwinapp\gamelib\x64\debug\vector2f.obj
c:\d2dengine\d2dwinapp\gamelib\x64\debug\typedef.obj
c:\d2dengine\d2dwinapp\gamelib\x64\debug\timesystem.obj
c:\d2dengine\d2dwinapp\gamelib\x64\debug\script.obj
c:\d2dengine\d2dwinapp\gamelib\x64\debug\scenemanager.obj
c:\d2dengine\d2dwinapp\gamelib\x64\debug\scene.obj
c:\d2dengine\d2dwinapp\gamelib\x64\debug\resources.obj
c:\d2dengine\d2dwinapp\gamelib\x64\debug\renderer.obj
c:\d2dengine\d2dwinapp\gamelib\x64\debug\mathf.obj
c:\d2dengine\d2dwinapp\gamelib\x64\debug\inputsystem.obj
c:\d2dengine\d2dwinapp\gamelib\x64\debug\helper.obj
c:\d2dengine\d2dwinapp\gamelib\x64\debug\gameobject.obj
c:\d2dengine\d2dwinapp\gamelib\x64\debug\gamelib.obj
c:\d2dengine\d2dwinapp\gamelib\x64\debug\d2dwinapp.obj
c:\d2dengine\d2dwinapp\gamelib\x64\debug\component.obj
c:\d2dengine\d2dwinapp\gamelib\x64\debug\camera.obj
c:\d2dengine\d2dwinapp\gamelib\x64\debug\transform.obj
c:\d2dengine\d2dwinapp\x64\debug\gamelib.lib
c:\d2dengine\d2dwinapp\gamelib\x64\debug\gamelib.tlog\cl.command.1.tlog
c:\d2dengine\d2dwinapp\gamelib\x64\debug\gamelib.tlog\cl.items.tlog
c:\d2dengine\d2dwinapp\gamelib\x64\debug\gamelib.tlog\cl.read.1.tlog
c:\d2dengine\d2dwinapp\gamelib\x64\debug\gamelib.tlog\cl.write.1.tlog
c:\d2dengine\d2dwinapp\gamelib\x64\debug\gamelib.tlog\lib-link.read.1.tlog
c:\d2dengine\d2dwinapp\gamelib\x64\debug\gamelib.tlog\lib-link.write.1.tlog
c:\d2dengine\d2dwinapp\gamelib\x64\debug\gamelib.tlog\lib.command.1.tlog
